{
  "RSpec": {
    "coverage": {
      "/home/dev/Desktop/learning/smtp/f/latest/app/models/user.rb": {
        "lines": [
          null,
          null,
          1,
          1,
          null,
          1,
          1,
          1,
          1,
          1,
          1,
          null,
          1,
          1,
          null,
          null,
          null,
          1,
          null,
          null,
          null,
          1,
          1,
          1,
          1,
          null,
          1,
          1,
          null,
          null,
          1,
          1,
          null,
          null,
          1,
          65,
          null,
          null,
          1,
          null,
          1,
          1,
          1,
          null,
          null,
          1,
          1,
          null,
          null,
          2,
          null
        ]
      },
      "/home/dev/Desktop/learning/smtp/f/latest/app/models/application_record.rb": {
        "lines": [
          null,
          null,
          1,
          1,
          null
        ]
      },
      "/home/dev/Desktop/learning/smtp/f/latest/app/helpers/application_helper.rb": {
        "lines": [
          null,
          null,
          1,
          null
        ]
      },
      "/home/dev/Desktop/learning/smtp/f/latest/app/helpers/comments_helper.rb": {
        "lines": [
          null,
          null,
          1,
          null
        ]
      },
      "/home/dev/Desktop/learning/smtp/f/latest/app/helpers/follower_helper.rb": {
        "lines": [
          null,
          null,
          1,
          null
        ]
      },
      "/home/dev/Desktop/learning/smtp/f/latest/app/helpers/home_helper.rb": {
        "lines": [
          null,
          null,
          1,
          null
        ]
      },
      "/home/dev/Desktop/learning/smtp/f/latest/app/helpers/posts_helper.rb": {
        "lines": [
          null,
          null,
          1,
          null
        ]
      },
      "/home/dev/Desktop/learning/smtp/f/latest/app/helpers/requests_helper.rb": {
        "lines": [
          null,
          1,
          null
        ]
      },
      "/home/dev/Desktop/learning/smtp/f/latest/app/helpers/send_mail_helper.rb": {
        "lines": [
          null,
          null,
          1,
          null
        ]
      },
      "/home/dev/Desktop/learning/smtp/f/latest/app/helpers/story_helper.rb": {
        "lines": [
          null,
          1,
          null
        ]
      },
      "/home/dev/Desktop/learning/smtp/f/latest/app/helpers/user_helper.rb": {
        "lines": [
          null,
          null,
          1,
          1,
          0,
          null,
          null
        ]
      },
      "/home/dev/Desktop/learning/smtp/f/latest/app/controllers/follower_controller.rb": {
        "lines": [
          null,
          null,
          1,
          1,
          1,
          5,
          5,
          5,
          5,
          3,
          6,
          null,
          2,
          4,
          null,
          null,
          null,
          null,
          1,
          5,
          5,
          3,
          null,
          2,
          2,
          2,
          null,
          5,
          null,
          null,
          1,
          null,
          1,
          10,
          null,
          null
        ]
      },
      "/home/dev/Desktop/learning/smtp/f/latest/app/controllers/application_controller.rb": {
        "lines": [
          null,
          null,
          1,
          1,
          1,
          1,
          1,
          null,
          1,
          null,
          1,
          3,
          3,
          null,
          null,
          1,
          null,
          1,
          0,
          0,
          null,
          null,
          1,
          0,
          null,
          null
        ]
      },
      "/home/dev/Desktop/learning/smtp/f/latest/app/models/follower.rb": {
        "lines": [
          null,
          null,
          1,
          1,
          null,
          1,
          1,
          14,
          null,
          3,
          null,
          null,
          1,
          null
        ]
      },
      "/home/dev/Desktop/learning/smtp/f/latest/app/controllers/posts_controller.rb": {
        "lines": [
          null,
          null,
          1,
          1,
          1,
          1,
          1,
          1,
          null,
          null,
          1,
          6,
          6,
          6,
          6,
          6,
          null,
          3,
          6,
          null,
          null,
          null,
          null,
          1,
          null,
          1,
          4,
          4,
          2,
          4,
          null,
          null,
          2,
          4,
          null,
          null,
          null,
          null,
          1,
          3,
          1,
          null,
          2,
          2,
          null,
          null,
          null,
          1,
          null,
          1,
          null,
          1,
          18,
          null,
          null,
          1,
          10,
          null,
          null,
          1,
          11,
          11,
          null,
          null
        ]
      },
      "/home/dev/Desktop/learning/smtp/f/latest/app/models/post.rb": {
        "lines": [
          null,
          null,
          1,
          1,
          1,
          1,
          1,
          1,
          1,
          1,
          null
        ]
      },
      "/home/dev/Desktop/learning/smtp/f/latest/app/models/comment.rb": {
        "lines": [
          null,
          null,
          1,
          1,
          1,
          1,
          null
        ]
      },
      "/home/dev/Desktop/learning/smtp/f/latest/app/models/like.rb": {
        "lines": [
          null,
          null,
          1,
          1,
          1,
          1,
          null
        ]
      },
      "/home/dev/Desktop/learning/smtp/f/latest/app/models/request.rb": {
        "lines": [
          null,
          null,
          1,
          1,
          1,
          1,
          1,
          null,
          1,
          1,
          null
        ]
      },
      "/home/dev/Desktop/learning/smtp/f/latest/app/models/story.rb": {
        "lines": [
          null,
          null,
          1,
          1,
          1,
          1,
          1,
          null,
          1,
          null,
          1,
          2,
          null,
          null,
          1,
          null
        ]
      },
      "/home/dev/Desktop/learning/smtp/f/latest/app/mailers/user_mailer.rb": {
        "lines": [
          1,
          1,
          65,
          65,
          65,
          null,
          null,
          null,
          null,
          null,
          null
        ]
      },
      "/home/dev/Desktop/learning/smtp/f/latest/app/mailers/application_mailer.rb": {
        "lines": [
          null,
          null,
          1,
          1,
          1,
          null
        ]
      },
      "/home/dev/Desktop/learning/smtp/f/latest/app/policies/follower_policy.rb": {
        "lines": [
          1,
          1,
          null,
          1,
          7,
          7,
          7,
          null,
          null,
          1,
          5,
          null,
          null,
          1,
          2,
          null,
          null
        ]
      },
      "/home/dev/Desktop/learning/smtp/f/latest/app/policies/application_policy.rb": {
        "lines": [
          null,
          null,
          1,
          1,
          null,
          1,
          25,
          25,
          null,
          null,
          1,
          0,
          null,
          null,
          1,
          0,
          null,
          null,
          1,
          0,
          null,
          null,
          1,
          0,
          null,
          null,
          1,
          0,
          null,
          null,
          1,
          0,
          null,
          null,
          1,
          0,
          null,
          null,
          1,
          1,
          0,
          0,
          null,
          null,
          1,
          0,
          null,
          null,
          1,
          null,
          1,
          null,
          null
        ]
      },
      "/home/dev/Desktop/learning/smtp/f/latest/app/policies/post_policy.rb": {
        "lines": [
          1,
          1,
          1,
          null,
          null,
          1,
          6,
          null,
          null,
          1,
          2,
          null,
          null,
          1,
          5,
          null,
          null,
          1,
          4,
          null,
          null,
          1,
          null,
          1,
          17,
          null,
          null
        ]
      },
      "/home/dev/Desktop/learning/smtp/f/latest/app/jobs/story_expires_job.rb": {
        "lines": [
          null,
          null,
          1,
          1,
          null,
          1,
          0,
          0,
          null,
          null
        ]
      },
      "/home/dev/Desktop/learning/smtp/f/latest/app/jobs/application_job.rb": {
        "lines": [
          null,
          null,
          1,
          null
        ]
      },
      "/home/dev/Desktop/learning/smtp/f/latest/app/policies/story_policy.rb": {
        "lines": [
          0,
          0,
          0,
          0,
          0,
          0,
          null,
          0,
          0,
          0,
          null,
          0,
          0,
          0,
          null,
          0,
          0,
          0,
          null,
          0,
          0,
          0,
          null,
          0,
          0,
          0,
          null,
          0,
          null,
          0,
          0,
          0,
          0
        ],
        "branches": {
        }
      },
      "/home/dev/Desktop/learning/smtp/f/latest/app/policies/like_policy.rb": {
        "lines": [
          0,
          0,
          0,
          0,
          0,
          0,
          null,
          0,
          0,
          0,
          null,
          0,
          0,
          0,
          null,
          0,
          null,
          0,
          0,
          0,
          0
        ],
        "branches": {
        }
      },
      "/home/dev/Desktop/learning/smtp/f/latest/app/policies/comment_policy.rb": {
        "lines": [
          0,
          0,
          0,
          0,
          0,
          0,
          null,
          0,
          0,
          0,
          null,
          0,
          0,
          0,
          null,
          0,
          0,
          0,
          null,
          0,
          0,
          0,
          null,
          0,
          null,
          0,
          0,
          0,
          null,
          0,
          0,
          0,
          0
        ],
        "branches": {
        }
      },
      "/home/dev/Desktop/learning/smtp/f/latest/app/channels/application_cable/connection.rb": {
        "lines": [
          0,
          0,
          0,
          0
        ],
        "branches": {
        }
      },
      "/home/dev/Desktop/learning/smtp/f/latest/app/channels/application_cable/channel.rb": {
        "lines": [
          0,
          0,
          0,
          0
        ],
        "branches": {
        }
      },
      "/home/dev/Desktop/learning/smtp/f/latest/app/excep.rb": {
        "lines": [
          0,
          0,
          0,
          0,
          0
        ],
        "branches": {
        }
      },
      "/home/dev/Desktop/learning/smtp/f/latest/app/controllers/stories_controller.rb": {
        "lines": [
          null,
          null,
          0,
          0,
          0,
          0,
          0,
          0,
          0,
          0,
          0,
          0,
          0,
          0,
          null,
          0,
          0,
          0,
          null,
          0,
          0,
          0,
          0,
          0,
          null,
          0,
          0,
          0,
          0,
          null,
          0,
          null,
          0,
          0,
          0,
          null,
          0,
          0,
          0,
          null,
          0,
          0,
          0,
          0,
          null,
          0,
          0,
          0,
          0
        ],
        "branches": {
        }
      },
      "/home/dev/Desktop/learning/smtp/f/latest/app/controllers/comments_controller.rb": {
        "lines": [
          null,
          null,
          0,
          0,
          0,
          0,
          0,
          0,
          0,
          0,
          0,
          0,
          0,
          0,
          0,
          0,
          0,
          0,
          null,
          0,
          0,
          0,
          0,
          null,
          0,
          null,
          0,
          0,
          0,
          0,
          0,
          0,
          0,
          0,
          0,
          null,
          0,
          null,
          0,
          0,
          0,
          null,
          0,
          0,
          0,
          null,
          0,
          0,
          0,
          null,
          0,
          0,
          0,
          0,
          null,
          0,
          0,
          0,
          0
        ],
        "branches": {
        }
      },
      "/home/dev/Desktop/learning/smtp/f/latest/app/controllers/likes_controller.rb": {
        "lines": [
          null,
          null,
          0,
          0,
          0,
          0,
          0,
          0,
          0,
          0,
          0,
          0,
          null,
          0,
          0,
          0,
          0,
          0,
          null,
          0,
          null,
          0,
          0,
          0,
          null,
          0,
          0,
          0,
          0
        ],
        "branches": {
        }
      },
      "/home/dev/Desktop/learning/smtp/f/latest/app/controllers/requests_controller.rb": {
        "lines": [
          null,
          null,
          0,
          0,
          null,
          0,
          0,
          0,
          0,
          0,
          0,
          0,
          0,
          0,
          0,
          0,
          0,
          null,
          0,
          0,
          0,
          0,
          0,
          0,
          0,
          0,
          null,
          0,
          0,
          0,
          0,
          0,
          0,
          0,
          0,
          null,
          null,
          null,
          null,
          null,
          null,
          null,
          null,
          null,
          null,
          null,
          null,
          null,
          null,
          null,
          null,
          null,
          null,
          null,
          null,
          null,
          null,
          0
        ],
        "branches": {
        }
      },
      "/home/dev/Desktop/learning/smtp/f/latest/app/controllers/user_controller.rb": {
        "lines": [
          null,
          null,
          0,
          0,
          0,
          0,
          null,
          0,
          0,
          0,
          0,
          0,
          0,
          null,
          0,
          0,
          0,
          0,
          0,
          null,
          0,
          0,
          0,
          null,
          0,
          null,
          0,
          0,
          0,
          null,
          0,
          0,
          0,
          0,
          null,
          0,
          0,
          0,
          null,
          0,
          0,
          0,
          0
        ],
        "branches": {
        }
      },
      "/home/dev/Desktop/learning/smtp/f/latest/app/controllers/concerns/build_relationship.rb": {
        "lines": [
          0,
          0,
          null,
          0,
          0,
          0,
          0,
          0,
          0,
          0,
          0,
          0
        ],
        "branches": {
        }
      },
      "/home/dev/Desktop/learning/smtp/f/latest/app/controllers/home_controller.rb": {
        "lines": [
          null,
          null,
          0,
          0,
          0,
          0,
          0
        ],
        "branches": {
        }
      },
      "/home/dev/Desktop/learning/smtp/f/latest/app/sidekiq/delete_story_job.rb": {
        "lines": [
          0,
          0,
          null,
          0,
          0,
          0,
          0,
          0,
          0,
          0,
          0,
          0
        ],
        "branches": {
        }
      }
    },
    "timestamp": 1662836999
  }
}
